Using pre-set license
Built from '2021.3/staging' branch; Version is '2021.3.6f1 (7da38d85baf6) revision 8233869'; Using compiler version '192829333'; Build Type 'Release'
OS: 'Windows 10  (10.0.19045) 64bit Professional' Language: 'es' Physical Memory: 8135 MB
BatchMode: 1, IsHumanControllingUs: 0, StartBugReporterOnCrash: 0, Is64bit: 1, IsPro: 1

COMMAND LINE ARGUMENTS:
C:\Program Files\Unity\Hub\Editor\2021.3.6f1\Editor\Unity.exe
-adb2
-batchMode
-noUpm
-name
AssetImportWorker0
-projectPath
G:/particulas/Partículas
-logFile
Logs/AssetImportWorker0.log
-srvPort
51550
Successfully changed project path to: G:/particulas/Partículas
G:/particulas/Partículas
[UnityMemory] Configuration Parameters - Can be set up in boot.config
    "memorysetup-bucket-allocator-granularity=16"
    "memorysetup-bucket-allocator-bucket-count=8"
    "memorysetup-bucket-allocator-block-size=33554432"
    "memorysetup-bucket-allocator-block-count=8"
    "memorysetup-main-allocator-block-size=16777216"
    "memorysetup-thread-allocator-block-size=16777216"
    "memorysetup-gfx-main-allocator-block-size=16777216"
    "memorysetup-gfx-thread-allocator-block-size=16777216"
    "memorysetup-cache-allocator-block-size=4194304"
    "memorysetup-typetree-allocator-block-size=2097152"
    "memorysetup-profiler-bucket-allocator-granularity=16"
    "memorysetup-profiler-bucket-allocator-bucket-count=8"
    "memorysetup-profiler-bucket-allocator-block-size=33554432"
    "memorysetup-profiler-bucket-allocator-block-count=8"
    "memorysetup-profiler-allocator-block-size=16777216"
    "memorysetup-profiler-editor-allocator-block-size=1048576"
    "memorysetup-temp-allocator-size-main=16777216"
    "memorysetup-job-temp-allocator-block-size=2097152"
    "memorysetup-job-temp-allocator-block-size-background=1048576"
    "memorysetup-job-temp-allocator-reduction-small-platforms=262144"
    "memorysetup-temp-allocator-size-background-worker=32768"
    "memorysetup-temp-allocator-size-job-worker=262144"
    "memorysetup-temp-allocator-size-preload-manager=33554432"
    "memorysetup-temp-allocator-size-nav-mesh-worker=65536"
    "memorysetup-temp-allocator-size-audio-worker=65536"
    "memorysetup-temp-allocator-size-cloud-worker=32768"
    "memorysetup-temp-allocator-size-gi-baking-worker=262144"
    "memorysetup-temp-allocator-size-gfx=262144"
Refreshing native plugins compatible for Editor in 103.67 ms, found 3 plugins.
Preloading 0 native plugins for Editor in 0.00 ms.
Initialize engine version: 2021.3.6f1 (7da38d85baf6)
[Subsystems] Discovering subsystems at path C:/Program Files/Unity/Hub/Editor/2021.3.6f1/Editor/Data/Resources/UnitySubsystems
[Subsystems] Discovering subsystems at path G:/particulas/Partículas/Assets
GfxDevice: creating device client; threaded=0; jobified=0
Direct3D:
    Version:  Direct3D 11.0 [level 11.1]
    Renderer: NVIDIA GeForce GTX 1650 (ID=0x1f82)
    Vendor:   NVIDIA
    VRAM:     3949 MB
    Driver:   31.0.15.2849
Initialize mono
Mono path[0] = 'C:/Program Files/Unity/Hub/Editor/2021.3.6f1/Editor/Data/Managed'
Mono path[1] = 'C:/Program Files/Unity/Hub/Editor/2021.3.6f1/Editor/Data/MonoBleedingEdge/lib/mono/unityjit-win32'
Mono config path = 'C:/Program Files/Unity/Hub/Editor/2021.3.6f1/Editor/Data/MonoBleedingEdge/etc'
Using monoOptions --debugger-agent=transport=dt_socket,embedding=1,server=y,suspend=n,address=127.0.0.1:56112
Begin MonoManager ReloadAssembly
Registering precompiled unity dll's ...
Register platform support module: C:/Program Files/Unity/Hub/Editor/2021.3.6f1/Editor/Data/PlaybackEngines/WindowsStandaloneSupport/UnityEditor.WindowsStandalone.Extensions.dll
Registered in 0.007993 seconds.
Native extension for WindowsStandalone target not found
Refreshing native plugins compatible for Editor in 98.54 ms, found 3 plugins.
Preloading 0 native plugins for Editor in 0.00 ms.
Mono: successfully reloaded assembly
- Completed reload, in  0.757 seconds
Domain Reload Profiling:
	ReloadAssembly (757ms)
		BeginReloadAssembly (93ms)
			ExecutionOrderSort (0ms)
			DisableScriptedObjects (0ms)
			BackupInstance (0ms)
			ReleaseScriptingObjects (0ms)
			CreateAndSetChildDomain (1ms)
		EndReloadAssembly (535ms)
			LoadAssemblies (91ms)
			RebuildTransferFunctionScriptingTraits (0ms)
			SetupTypeCache (122ms)
			ReleaseScriptCaches (0ms)
			RebuildScriptCaches (37ms)
			SetupLoadedEditorAssemblies (318ms)
				LogAssemblyErrors (0ms)
				InitializePlatformSupportModulesInManaged (9ms)
				SetLoadedEditorAssemblies (0ms)
				RefreshPlugins (99ms)
				BeforeProcessingInitializeOnLoad (1ms)
				ProcessInitializeOnLoadAttributes (157ms)
				ProcessInitializeOnLoadMethodAttributes (52ms)
				AfterProcessingInitializeOnLoad (0ms)
				EditorAssembliesLoaded (0ms)
			ExecutionOrderSort2 (0ms)
			AwakeInstancesAfterBackupRestoration (0ms)
Platform modules already initialized, skipping
Registering precompiled user dll's ...
Registered in 0.004909 seconds.
Begin MonoManager ReloadAssembly
Symbol file LoadedFromMemory doesn't match image G:\particulas\Partículas\Library\PackageCache\com.unity.visualscripting@1.7.8\Editor\VisualScripting.Core\Dependencies\YamlDotNet\Unity.VisualScripting.YamlDotNet.dll
Symbol file LoadedFromMemory doesn't match image G:\particulas\Partículas\Library\PackageCache\com.unity.visualscripting@1.7.8\Editor\VisualScripting.Core\Dependencies\DotNetZip\Unity.VisualScripting.IonicZip.dll
Native extension for WindowsStandalone target not found
Refreshing native plugins compatible for Editor in 0.56 ms, found 3 plugins.
Preloading 0 native plugins for Editor in 0.00 ms.
Mono: successfully reloaded assembly
- Completed reload, in  1.295 seconds
Domain Reload Profiling:
	ReloadAssembly (1296ms)
		BeginReloadAssembly (137ms)
			ExecutionOrderSort (0ms)
			DisableScriptedObjects (6ms)
			BackupInstance (0ms)
			ReleaseScriptingObjects (0ms)
			CreateAndSetChildDomain (24ms)
		EndReloadAssembly (1031ms)
			LoadAssemblies (94ms)
			RebuildTransferFunctionScriptingTraits (0ms)
			SetupTypeCache (361ms)
			ReleaseScriptCaches (1ms)
			RebuildScriptCaches (59ms)
			SetupLoadedEditorAssemblies (465ms)
				LogAssemblyErrors (0ms)
				InitializePlatformSupportModulesInManaged (8ms)
				SetLoadedEditorAssemblies (1ms)
				RefreshPlugins (1ms)
				BeforeProcessingInitializeOnLoad (108ms)
				ProcessInitializeOnLoadAttributes (300ms)
				ProcessInitializeOnLoadMethodAttributes (36ms)
				AfterProcessingInitializeOnLoad (11ms)
				EditorAssembliesLoaded (0ms)
			ExecutionOrderSort2 (0ms)
			AwakeInstancesAfterBackupRestoration (9ms)
Platform modules already initialized, skipping
========================================================================
Worker process is ready to serve import requests
Launched and connected shader compiler UnityShaderCompiler.exe after 0.05 seconds
Refreshing native plugins compatible for Editor in 0.84 ms, found 3 plugins.
Preloading 0 native plugins for Editor in 0.00 ms.
Unloading 3368 Unused Serialized files (Serialized files now loaded: 0)
Unloading 27 unused Assets / (111.0 KB). Loaded Objects now: 3826.
Memory consumption went from 116.0 MB to 115.9 MB.
Total: 4.226900 ms (FindLiveObjects: 0.655200 ms CreateObjectMapping: 0.398600 ms MarkObjects: 3.013900 ms  DeleteObjects: 0.157700 ms)

AssetImportParameters requested are different than current active one (requested -> active):
  custom:video-decoder-ogg-theora: a1e56fd34408186e4bbccfd4996cb3dc -> 
  custom:container-muxer-webm: aa71ff27fc2769a1b78a27578f13a17b -> 
  custom:container-demuxer-webm: 4f35f7cbe854078d1ac9338744f61a02 -> 
  custom:video-encoder-webm-vp8: eb34c28f22e8b96e1ab97ce403110664 -> 
  custom:audio-encoder-webm-vorbis: bf7c407c2cedff20999df2af8eb42d56 -> 
  custom:framework-win-MediaFoundation: 216162199b28c13a410421893ffa2e32 -> 
  custom:container-demuxer-ogg: 62fdf1f143b41e24485cea50d1cbac27 -> 
  custom:video-decoder-webm-vp8: 9c59270c3fd7afecdb556c50c9e8de78 -> 
  custom:audio-decoder-ogg-vorbis: bf7c407c2cedff20999df2af8eb42d56 -> 
========================================================================
Received Import Request.
  Time since last request: 6562.985917 seconds.
  path: Assets/Sprites/For.png
  artifactKey: Guid(c65a9d771e149fc43882b1223d5e2eba) Importer(815301076,1909f56bfc062723c751e8b465ee728b)
Start importing Assets/Sprites/For.png using Guid(c65a9d771e149fc43882b1223d5e2eba) Importer(815301076,1909f56bfc062723c751e8b465ee728b)  -> (artifact id: '8ebe607758c1c9187f25b747f22597aa') in 0.174656 seconds 
========================================================================
Received Import Request.
  Time since last request: 0.484810 seconds.
  path: Assets/Sprites/Fum.png
  artifactKey: Guid(e3af8922435f80e42afffa5a1a742c75) Importer(815301076,1909f56bfc062723c751e8b465ee728b)
Start importing Assets/Sprites/Fum.png using Guid(e3af8922435f80e42afffa5a1a742c75) Importer(815301076,1909f56bfc062723c751e8b465ee728b)  -> (artifact id: '2037f938ad0e34d1413542447be6cb8d') in 0.022362 seconds 
========================================================================
Received Import Request.
  Time since last request: 6.264195 seconds.
  path: Assets/Sprites/Pols.png
  artifactKey: Guid(397c5a50f43c4d047b80394f225b3057) Importer(815301076,1909f56bfc062723c751e8b465ee728b)
Start importing Assets/Sprites/Pols.png using Guid(397c5a50f43c4d047b80394f225b3057) Importer(815301076,1909f56bfc062723c751e8b465ee728b)  -> (artifact id: '2d9dcc52f19a3ade9d0e6496db85e20f') in 0.022052 seconds 
========================================================================
Received Import Request.
  Time since last request: 4.876377 seconds.
  path: Assets/Sprites/Splash.png
  artifactKey: Guid(cb9f770c8f3ebc345bd26b54a8513f9f) Importer(815301076,1909f56bfc062723c751e8b465ee728b)
Start importing Assets/Sprites/Splash.png using Guid(cb9f770c8f3ebc345bd26b54a8513f9f) Importer(815301076,1909f56bfc062723c751e8b465ee728b)  -> (artifact id: '8f1d5c1033f0d49c26578164aef51b44') in 0.117747 seconds 
========================================================================
Received Import Request.
  Time since last request: 24.969190 seconds.
  path: Assets/Sprites/Exemples
  artifactKey: Guid(092fe1f3bb99a904aad24cdd4dfc2cec) Importer(815301076,1909f56bfc062723c751e8b465ee728b)
Start importing Assets/Sprites/Exemples using Guid(092fe1f3bb99a904aad24cdd4dfc2cec) Importer(815301076,1909f56bfc062723c751e8b465ee728b)  -> (artifact id: 'a416d7682e55412d5e532817ebcd0bbc') in 0.007598 seconds 
========================================================================
Received Import Request.
  Time since last request: 69.216781 seconds.
  path: Assets/Sprites/FocMaterial.mat
  artifactKey: Guid(44b55fd97f494c74fb0f895091202269) Importer(815301076,1909f56bfc062723c751e8b465ee728b)
Start importing Assets/Sprites/FocMaterial.mat using Guid(44b55fd97f494c74fb0f895091202269) Importer(815301076,1909f56bfc062723c751e8b465ee728b)  -> (artifact id: 'cf3adbee7d3a6278a88646d9afdffe7c') in 0.092759 seconds 
========================================================================
Received Prepare
Registering precompiled user dll's ...
Registered in 0.004881 seconds.
Begin MonoManager ReloadAssembly
Symbol file LoadedFromMemory doesn't match image G:\particulas\Partículas\Library\PackageCache\com.unity.visualscripting@1.7.8\Editor\VisualScripting.Core\Dependencies\YamlDotNet\Unity.VisualScripting.YamlDotNet.dll
Symbol file LoadedFromMemory doesn't match image G:\particulas\Partículas\Library\PackageCache\com.unity.visualscripting@1.7.8\Editor\VisualScripting.Core\Dependencies\DotNetZip\Unity.VisualScripting.IonicZip.dll
Native extension for WindowsStandalone target not found
Refreshing native plugins compatible for Editor in 0.60 ms, found 3 plugins.
Preloading 0 native plugins for Editor in 0.00 ms.
Mono: successfully reloaded assembly
- Completed reload, in  1.155 seconds
Domain Reload Profiling:
	ReloadAssembly (1156ms)
		BeginReloadAssembly (156ms)
			ExecutionOrderSort (0ms)
			DisableScriptedObjects (5ms)
			BackupInstance (0ms)
			ReleaseScriptingObjects (0ms)
			CreateAndSetChildDomain (40ms)
		EndReloadAssembly (887ms)
			LoadAssemblies (97ms)
			RebuildTransferFunctionScriptingTraits (0ms)
			SetupTypeCache (317ms)
			ReleaseScriptCaches (1ms)
			RebuildScriptCaches (50ms)
			SetupLoadedEditorAssemblies (372ms)
				LogAssemblyErrors (0ms)
				InitializePlatformSupportModulesInManaged (15ms)
				SetLoadedEditorAssemblies (1ms)
				RefreshPlugins (1ms)
				BeforeProcessingInitializeOnLoad (76ms)
				ProcessInitializeOnLoadAttributes (237ms)
				ProcessInitializeOnLoadMethodAttributes (33ms)
				AfterProcessingInitializeOnLoad (10ms)
				EditorAssembliesLoaded (0ms)
			ExecutionOrderSort2 (0ms)
			AwakeInstancesAfterBackupRestoration (7ms)
Platform modules already initialized, skipping
Refreshing native plugins compatible for Editor in 1.84 ms, found 3 plugins.
Preloading 0 native plugins for Editor in 0.00 ms.
Unloading 3363 Unused Serialized files (Serialized files now loaded: 0)
Unloading 20 unused Assets / (78.2 KB). Loaded Objects now: 3870.
Memory consumption went from 120.5 MB to 120.4 MB.
Total: 4.604100 ms (FindLiveObjects: 0.328300 ms CreateObjectMapping: 0.259300 ms MarkObjects: 3.848700 ms  DeleteObjects: 0.166100 ms)

AssetImportParameters requested are different than current active one (requested -> active):
  custom:video-decoder-ogg-theora: a1e56fd34408186e4bbccfd4996cb3dc -> 
  custom:container-muxer-webm: aa71ff27fc2769a1b78a27578f13a17b -> 
  custom:container-demuxer-webm: 4f35f7cbe854078d1ac9338744f61a02 -> 
  custom:video-encoder-webm-vp8: eb34c28f22e8b96e1ab97ce403110664 -> 
  custom:audio-encoder-webm-vorbis: bf7c407c2cedff20999df2af8eb42d56 -> 
  custom:framework-win-MediaFoundation: 216162199b28c13a410421893ffa2e32 -> 
  custom:container-demuxer-ogg: 62fdf1f143b41e24485cea50d1cbac27 -> 
  custom:video-decoder-webm-vp8: 9c59270c3fd7afecdb556c50c9e8de78 -> 
  custom:audio-decoder-ogg-vorbis: bf7c407c2cedff20999df2af8eb42d56 -> 
========================================================================
Received Import Request.
  Time since last request: 616.139697 seconds.
  path: Assets/Sprites/SplashMaterial.mat
  artifactKey: Guid(2ac25ff10beda8d43aaa4d8d395bae82) Importer(815301076,1909f56bfc062723c751e8b465ee728b)
Start importing Assets/Sprites/SplashMaterial.mat using Guid(2ac25ff10beda8d43aaa4d8d395bae82) Importer(815301076,1909f56bfc062723c751e8b465ee728b)  -> (artifact id: 'dda7bbfb912830ba81cc80e9394c8974') in 0.096347 seconds 
========================================================================
Received Import Request.
  Time since last request: 393.069642 seconds.
  path: Assets/Sprites/FocMaterial.mat
  artifactKey: Guid(44b55fd97f494c74fb0f895091202269) Importer(815301076,1909f56bfc062723c751e8b465ee728b)
Start importing Assets/Sprites/FocMaterial.mat using Guid(44b55fd97f494c74fb0f895091202269) Importer(815301076,1909f56bfc062723c751e8b465ee728b)  -> (artifact id: '58b5e74caa529d071f2f5fc0e2210b3e') in 0.040236 seconds 
========================================================================
Received Import Request.
  Time since last request: 0.000036 seconds.
  path: Assets/Sprites/SplashMaterial.mat
  artifactKey: Guid(2ac25ff10beda8d43aaa4d8d395bae82) Importer(815301076,1909f56bfc062723c751e8b465ee728b)
Start importing Assets/Sprites/SplashMaterial.mat using Guid(2ac25ff10beda8d43aaa4d8d395bae82) Importer(815301076,1909f56bfc062723c751e8b465ee728b)  -> (artifact id: '8e82b35788061e8deb5ae7d0cf734670') in 0.026213 seconds 
========================================================================
Received Import Request.
  Time since last request: 64.099147 seconds.
  path: Assets/Sprites/FumMaterial.mat
  artifactKey: Guid(fcb24018ff64a42429c5cac273d0e50e) Importer(815301076,1909f56bfc062723c751e8b465ee728b)
Start importing Assets/Sprites/FumMaterial.mat using Guid(fcb24018ff64a42429c5cac273d0e50e) Importer(815301076,1909f56bfc062723c751e8b465ee728b)  -> (artifact id: '5bc0a11d10281c3e55a23363ac0aab5a') in 0.018637 seconds 
========================================================================
Received Import Request.
  Time since last request: 824.851309 seconds.
  path: Assets/Sprites/image.png
  artifactKey: Guid(1f2ea749331ee224998dd48fa2ebfd46) Importer(815301076,1909f56bfc062723c751e8b465ee728b)
Start importing Assets/Sprites/image.png using Guid(1f2ea749331ee224998dd48fa2ebfd46) Importer(815301076,1909f56bfc062723c751e8b465ee728b)  -> (artifact id: 'cf5e5b5d4041b010aa2b85e2b5b7b960') in 0.028021 seconds 
========================================================================
Received Import Request.
  Time since last request: 95.242711 seconds.
  path: Assets/Sprites/PolsMaterial.mat
  artifactKey: Guid(8eea8f79045c6534b8a3f178fec78c20) Importer(815301076,1909f56bfc062723c751e8b465ee728b)
Start importing Assets/Sprites/PolsMaterial.mat using Guid(8eea8f79045c6534b8a3f178fec78c20) Importer(815301076,1909f56bfc062723c751e8b465ee728b)  -> (artifact id: '336c1645dfc30cb031f8f97f251b4f64') in 0.023597 seconds 
========================================================================
Received Import Request.
  Time since last request: 104.319923 seconds.
  path: Assets/Sprites/PolsMaterial.mat
  artifactKey: Guid(8eea8f79045c6534b8a3f178fec78c20) Importer(815301076,1909f56bfc062723c751e8b465ee728b)
Start importing Assets/Sprites/PolsMaterial.mat using Guid(8eea8f79045c6534b8a3f178fec78c20) Importer(815301076,1909f56bfc062723c751e8b465ee728b)  -> (artifact id: 'e119cfa16b66e4ec613a7c4160e9a8f9') in 0.021889 seconds 
========================================================================
Received Import Request.
  Time since last request: 0.000021 seconds.
  path: Assets/Sprites/FumMaterial.mat
  artifactKey: Guid(fcb24018ff64a42429c5cac273d0e50e) Importer(815301076,1909f56bfc062723c751e8b465ee728b)
Start importing Assets/Sprites/FumMaterial.mat using Guid(fcb24018ff64a42429c5cac273d0e50e) Importer(815301076,1909f56bfc062723c751e8b465ee728b)  -> (artifact id: 'd60334b8353f62dd035ab114cc8b263c') in 0.031438 seconds 
